<?xml version="1.0" encoding="UTF-8"?>
<testsuite xmlns:xsi="http://www.w3.org/2001/XMLSchema-instance" xsi:noNamespaceSchemaLocation="https://maven.apache.org/surefire/maven-surefire-plugin/xsd/surefire-test-report-3.0.xsd" version="3.0" name="TestSuite" time="12.845" tests="1" errors="0" skipped="0" failures="0">
  <properties>
    <property name="sun.desktop" value="windows"/>
    <property name="awt.toolkit" value="sun.awt.windows.WToolkit"/>
    <property name="java.specification.version" value="11"/>
    <property name="webdriver.chrome.driver" value="C:\WINDOWS\system32\config\systemprofile\.cache\selenium\chromedriver\win32\86.0.4240.22\chromedriver.exe"/>
    <property name="sun.cpu.isalist" value="amd64"/>
    <property name="sun.jnu.encoding" value="Cp1252"/>
    <property name="java.class.path" value="C:\Users\Arun\eclipse-workspace\MiniProject\target\test-classes;C:\Users\Arun\eclipse-workspace\MiniProject\target\classes;C:\WINDOWS\system32\config\systemprofile\.m2\repository\org\seleniumhq\selenium\selenium-java\3.141.59\selenium-java-3.141.59.jar;C:\WINDOWS\system32\config\systemprofile\.m2\repository\org\seleniumhq\selenium\selenium-api\3.141.59\selenium-api-3.141.59.jar;C:\WINDOWS\system32\config\systemprofile\.m2\repository\org\seleniumhq\selenium\selenium-chrome-driver\3.141.59\selenium-chrome-driver-3.141.59.jar;C:\WINDOWS\system32\config\systemprofile\.m2\repository\org\seleniumhq\selenium\selenium-edge-driver\3.141.59\selenium-edge-driver-3.141.59.jar;C:\WINDOWS\system32\config\systemprofile\.m2\repository\org\seleniumhq\selenium\selenium-firefox-driver\3.141.59\selenium-firefox-driver-3.141.59.jar;C:\WINDOWS\system32\config\systemprofile\.m2\repository\org\seleniumhq\selenium\selenium-ie-driver\3.141.59\selenium-ie-driver-3.141.59.jar;C:\WINDOWS\system32\config\systemprofile\.m2\repository\org\seleniumhq\selenium\selenium-opera-driver\3.141.59\selenium-opera-driver-3.141.59.jar;C:\WINDOWS\system32\config\systemprofile\.m2\repository\org\seleniumhq\selenium\selenium-remote-driver\3.141.59\selenium-remote-driver-3.141.59.jar;C:\WINDOWS\system32\config\systemprofile\.m2\repository\org\seleniumhq\selenium\selenium-safari-driver\3.141.59\selenium-safari-driver-3.141.59.jar;C:\WINDOWS\system32\config\systemprofile\.m2\repository\org\seleniumhq\selenium\selenium-support\3.141.59\selenium-support-3.141.59.jar;C:\WINDOWS\system32\config\systemprofile\.m2\repository\net\bytebuddy\byte-buddy\1.8.15\byte-buddy-1.8.15.jar;C:\WINDOWS\system32\config\systemprofile\.m2\repository\org\apache\commons\commons-exec\1.3\commons-exec-1.3.jar;C:\WINDOWS\system32\config\systemprofile\.m2\repository\com\google\guava\guava\25.0-jre\guava-25.0-jre.jar;C:\WINDOWS\system32\config\systemprofile\.m2\repository\com\google\code\findbugs\jsr305\1.3.9\jsr305-1.3.9.jar;C:\WINDOWS\system32\config\systemprofile\.m2\repository\org\checkerframework\checker-compat-qual\2.0.0\checker-compat-qual-2.0.0.jar;C:\WINDOWS\system32\config\systemprofile\.m2\repository\com\google\errorprone\error_prone_annotations\2.1.3\error_prone_annotations-2.1.3.jar;C:\WINDOWS\system32\config\systemprofile\.m2\repository\com\google\j2objc\j2objc-annotations\1.1\j2objc-annotations-1.1.jar;C:\WINDOWS\system32\config\systemprofile\.m2\repository\org\codehaus\mojo\animal-sniffer-annotations\1.14\animal-sniffer-annotations-1.14.jar;C:\WINDOWS\system32\config\systemprofile\.m2\repository\com\squareup\okhttp3\okhttp\3.11.0\okhttp-3.11.0.jar;C:\WINDOWS\system32\config\systemprofile\.m2\repository\com\squareup\okio\okio\1.14.0\okio-1.14.0.jar;C:\WINDOWS\system32\config\systemprofile\.m2\repository\org\apache\poi\poi-ooxml\4.1.2\poi-ooxml-4.1.2.jar;C:\WINDOWS\system32\config\systemprofile\.m2\repository\org\apache\poi\poi-ooxml-schemas\4.1.2\poi-ooxml-schemas-4.1.2.jar;C:\WINDOWS\system32\config\systemprofile\.m2\repository\org\apache\xmlbeans\xmlbeans\3.1.0\xmlbeans-3.1.0.jar;C:\WINDOWS\system32\config\systemprofile\.m2\repository\org\apache\commons\commons-compress\1.19\commons-compress-1.19.jar;C:\WINDOWS\system32\config\systemprofile\.m2\repository\com\github\virtuald\curvesapi\1.06\curvesapi-1.06.jar;C:\WINDOWS\system32\config\systemprofile\.m2\repository\org\apache\poi\poi\4.1.2\poi-4.1.2.jar;C:\WINDOWS\system32\config\systemprofile\.m2\repository\commons-codec\commons-codec\1.13\commons-codec-1.13.jar;C:\WINDOWS\system32\config\systemprofile\.m2\repository\org\apache\commons\commons-collections4\4.4\commons-collections4-4.4.jar;C:\WINDOWS\system32\config\systemprofile\.m2\repository\org\apache\commons\commons-math3\3.6.1\commons-math3-3.6.1.jar;C:\WINDOWS\system32\config\systemprofile\.m2\repository\com\zaxxer\SparseBitSet\1.2\SparseBitSet-1.2.jar;C:\WINDOWS\system32\config\systemprofile\.m2\repository\org\testng\testng\7.1.0\testng-7.1.0.jar;C:\WINDOWS\system32\config\systemprofile\.m2\repository\com\beust\jcommander\1.72\jcommander-1.72.jar;C:\WINDOWS\system32\config\systemprofile\.m2\repository\com\google\inject\guice\4.1.0\guice-4.1.0-no_aop.jar;C:\WINDOWS\system32\config\systemprofile\.m2\repository\javax\inject\javax.inject\1\javax.inject-1.jar;C:\WINDOWS\system32\config\systemprofile\.m2\repository\aopalliance\aopalliance\1.0\aopalliance-1.0.jar;C:\WINDOWS\system32\config\systemprofile\.m2\repository\org\yaml\snakeyaml\1.21\snakeyaml-1.21.jar;C:\WINDOWS\system32\config\systemprofile\.m2\repository\io\github\bonigarcia\webdrivermanager\4.2.2\webdrivermanager-4.2.2.jar;C:\WINDOWS\system32\config\systemprofile\.m2\repository\org\slf4j\slf4j-api\1.7.30\slf4j-api-1.7.30.jar;C:\WINDOWS\system32\config\systemprofile\.m2\repository\commons-io\commons-io\2.8.0\commons-io-2.8.0.jar;C:\WINDOWS\system32\config\systemprofile\.m2\repository\com\google\code\gson\gson\2.8.6\gson-2.8.6.jar;C:\WINDOWS\system32\config\systemprofile\.m2\repository\org\apache\commons\commons-lang3\3.11\commons-lang3-3.11.jar;C:\WINDOWS\system32\config\systemprofile\.m2\repository\org\apache\httpcomponents\client5\httpclient5\5.0.1\httpclient5-5.0.1.jar;C:\WINDOWS\system32\config\systemprofile\.m2\repository\org\apache\httpcomponents\core5\httpcore5\5.0.1\httpcore5-5.0.1.jar;C:\WINDOWS\system32\config\systemprofile\.m2\repository\org\apache\httpcomponents\core5\httpcore5-h2\5.0.1\httpcore5-h2-5.0.1.jar;C:\WINDOWS\system32\config\systemprofile\.m2\repository\org\rauschig\jarchivelib\1.1.0\jarchivelib-1.1.0.jar;C:\WINDOWS\system32\config\systemprofile\.m2\repository\org\jsoup\jsoup\1.13.1\jsoup-1.13.1.jar;C:\WINDOWS\system32\config\systemprofile\.m2\repository\log4j\log4j\1.2.17\log4j-1.2.17.jar;"/>
    <property name="java.vm.vendor" value="Oracle Corporation"/>
    <property name="sun.arch.data.model" value="64"/>
    <property name="user.variant" value=""/>
    <property name="java.vendor.url" value="https://openjdk.java.net/"/>
    <property name="user.timezone" value="Asia/Calcutta"/>
    <property name="java.vm.specification.version" value="11"/>
    <property name="os.name" value="Windows 10"/>
    <property name="webdriver.chrome.silentOutput" value="true"/>
    <property name="sun.java.launcher" value="SUN_STANDARD"/>
    <property name="user.country" value="IN"/>
    <property name="sun.boot.library.path" value="C:\Program Files\Java\jdk-11.0.9\bin"/>
    <property name="sun.java.command" value="C:\Windows\Temp\surefire2897401665593744813\surefirebooter3517538955030852337.jar C:\Windows\Temp\surefire2897401665593744813 2020-12-02T12-01-05_021-jvmRun1 surefire11053154208023727630tmp surefire_014800097855550168658tmp"/>
    <property name="jdk.debug" value="release"/>
    <property name="surefire.test.class.path" value="C:\Users\Arun\eclipse-workspace\MiniProject\target\test-classes;C:\Users\Arun\eclipse-workspace\MiniProject\target\classes;C:\WINDOWS\system32\config\systemprofile\.m2\repository\org\seleniumhq\selenium\selenium-java\3.141.59\selenium-java-3.141.59.jar;C:\WINDOWS\system32\config\systemprofile\.m2\repository\org\seleniumhq\selenium\selenium-api\3.141.59\selenium-api-3.141.59.jar;C:\WINDOWS\system32\config\systemprofile\.m2\repository\org\seleniumhq\selenium\selenium-chrome-driver\3.141.59\selenium-chrome-driver-3.141.59.jar;C:\WINDOWS\system32\config\systemprofile\.m2\repository\org\seleniumhq\selenium\selenium-edge-driver\3.141.59\selenium-edge-driver-3.141.59.jar;C:\WINDOWS\system32\config\systemprofile\.m2\repository\org\seleniumhq\selenium\selenium-firefox-driver\3.141.59\selenium-firefox-driver-3.141.59.jar;C:\WINDOWS\system32\config\systemprofile\.m2\repository\org\seleniumhq\selenium\selenium-ie-driver\3.141.59\selenium-ie-driver-3.141.59.jar;C:\WINDOWS\system32\config\systemprofile\.m2\repository\org\seleniumhq\selenium\selenium-opera-driver\3.141.59\selenium-opera-driver-3.141.59.jar;C:\WINDOWS\system32\config\systemprofile\.m2\repository\org\seleniumhq\selenium\selenium-remote-driver\3.141.59\selenium-remote-driver-3.141.59.jar;C:\WINDOWS\system32\config\systemprofile\.m2\repository\org\seleniumhq\selenium\selenium-safari-driver\3.141.59\selenium-safari-driver-3.141.59.jar;C:\WINDOWS\system32\config\systemprofile\.m2\repository\org\seleniumhq\selenium\selenium-support\3.141.59\selenium-support-3.141.59.jar;C:\WINDOWS\system32\config\systemprofile\.m2\repository\net\bytebuddy\byte-buddy\1.8.15\byte-buddy-1.8.15.jar;C:\WINDOWS\system32\config\systemprofile\.m2\repository\org\apache\commons\commons-exec\1.3\commons-exec-1.3.jar;C:\WINDOWS\system32\config\systemprofile\.m2\repository\com\google\guava\guava\25.0-jre\guava-25.0-jre.jar;C:\WINDOWS\system32\config\systemprofile\.m2\repository\com\google\code\findbugs\jsr305\1.3.9\jsr305-1.3.9.jar;C:\WINDOWS\system32\config\systemprofile\.m2\repository\org\checkerframework\checker-compat-qual\2.0.0\checker-compat-qual-2.0.0.jar;C:\WINDOWS\system32\config\systemprofile\.m2\repository\com\google\errorprone\error_prone_annotations\2.1.3\error_prone_annotations-2.1.3.jar;C:\WINDOWS\system32\config\systemprofile\.m2\repository\com\google\j2objc\j2objc-annotations\1.1\j2objc-annotations-1.1.jar;C:\WINDOWS\system32\config\systemprofile\.m2\repository\org\codehaus\mojo\animal-sniffer-annotations\1.14\animal-sniffer-annotations-1.14.jar;C:\WINDOWS\system32\config\systemprofile\.m2\repository\com\squareup\okhttp3\okhttp\3.11.0\okhttp-3.11.0.jar;C:\WINDOWS\system32\config\systemprofile\.m2\repository\com\squareup\okio\okio\1.14.0\okio-1.14.0.jar;C:\WINDOWS\system32\config\systemprofile\.m2\repository\org\apache\poi\poi-ooxml\4.1.2\poi-ooxml-4.1.2.jar;C:\WINDOWS\system32\config\systemprofile\.m2\repository\org\apache\poi\poi-ooxml-schemas\4.1.2\poi-ooxml-schemas-4.1.2.jar;C:\WINDOWS\system32\config\systemprofile\.m2\repository\org\apache\xmlbeans\xmlbeans\3.1.0\xmlbeans-3.1.0.jar;C:\WINDOWS\system32\config\systemprofile\.m2\repository\org\apache\commons\commons-compress\1.19\commons-compress-1.19.jar;C:\WINDOWS\system32\config\systemprofile\.m2\repository\com\github\virtuald\curvesapi\1.06\curvesapi-1.06.jar;C:\WINDOWS\system32\config\systemprofile\.m2\repository\org\apache\poi\poi\4.1.2\poi-4.1.2.jar;C:\WINDOWS\system32\config\systemprofile\.m2\repository\commons-codec\commons-codec\1.13\commons-codec-1.13.jar;C:\WINDOWS\system32\config\systemprofile\.m2\repository\org\apache\commons\commons-collections4\4.4\commons-collections4-4.4.jar;C:\WINDOWS\system32\config\systemprofile\.m2\repository\org\apache\commons\commons-math3\3.6.1\commons-math3-3.6.1.jar;C:\WINDOWS\system32\config\systemprofile\.m2\repository\com\zaxxer\SparseBitSet\1.2\SparseBitSet-1.2.jar;C:\WINDOWS\system32\config\systemprofile\.m2\repository\org\testng\testng\7.1.0\testng-7.1.0.jar;C:\WINDOWS\system32\config\systemprofile\.m2\repository\com\beust\jcommander\1.72\jcommander-1.72.jar;C:\WINDOWS\system32\config\systemprofile\.m2\repository\com\google\inject\guice\4.1.0\guice-4.1.0-no_aop.jar;C:\WINDOWS\system32\config\systemprofile\.m2\repository\javax\inject\javax.inject\1\javax.inject-1.jar;C:\WINDOWS\system32\config\systemprofile\.m2\repository\aopalliance\aopalliance\1.0\aopalliance-1.0.jar;C:\WINDOWS\system32\config\systemprofile\.m2\repository\org\yaml\snakeyaml\1.21\snakeyaml-1.21.jar;C:\WINDOWS\system32\config\systemprofile\.m2\repository\io\github\bonigarcia\webdrivermanager\4.2.2\webdrivermanager-4.2.2.jar;C:\WINDOWS\system32\config\systemprofile\.m2\repository\org\slf4j\slf4j-api\1.7.30\slf4j-api-1.7.30.jar;C:\WINDOWS\system32\config\systemprofile\.m2\repository\commons-io\commons-io\2.8.0\commons-io-2.8.0.jar;C:\WINDOWS\system32\config\systemprofile\.m2\repository\com\google\code\gson\gson\2.8.6\gson-2.8.6.jar;C:\WINDOWS\system32\config\systemprofile\.m2\repository\org\apache\commons\commons-lang3\3.11\commons-lang3-3.11.jar;C:\WINDOWS\system32\config\systemprofile\.m2\repository\org\apache\httpcomponents\client5\httpclient5\5.0.1\httpclient5-5.0.1.jar;C:\WINDOWS\system32\config\systemprofile\.m2\repository\org\apache\httpcomponents\core5\httpcore5\5.0.1\httpcore5-5.0.1.jar;C:\WINDOWS\system32\config\systemprofile\.m2\repository\org\apache\httpcomponents\core5\httpcore5-h2\5.0.1\httpcore5-h2-5.0.1.jar;C:\WINDOWS\system32\config\systemprofile\.m2\repository\org\rauschig\jarchivelib\1.1.0\jarchivelib-1.1.0.jar;C:\WINDOWS\system32\config\systemprofile\.m2\repository\org\jsoup\jsoup\1.13.1\jsoup-1.13.1.jar;C:\WINDOWS\system32\config\systemprofile\.m2\repository\log4j\log4j\1.2.17\log4j-1.2.17.jar;"/>
    <property name="sun.cpu.endian" value="little"/>
    <property name="user.home" value="C:\WINDOWS\system32\config\systemprofile"/>
    <property name="user.language" value="en"/>
    <property name="java.specification.vendor" value="Oracle Corporation"/>
    <property name="java.version.date" value="2020-10-20"/>
    <property name="java.home" value="C:\Program Files\Java\jdk-11.0.9"/>
    <property name="file.separator" value="\"/>
    <property name="basedir" value="C:\Users\Arun\eclipse-workspace\MiniProject"/>
    <property name="java.vm.compressedOopsMode" value="32-bit"/>
    <property name="line.separator" value="&#10;"/>
    <property name="java.specification.name" value="Java Platform API Specification"/>
    <property name="java.vm.specification.vendor" value="Oracle Corporation"/>
    <property name="java.awt.graphicsenv" value="sun.awt.Win32GraphicsEnvironment"/>
    <property name="surefire.real.class.path" value="C:\Windows\Temp\surefire2897401665593744813\surefirebooter3517538955030852337.jar"/>
    <property name="user.script" value=""/>
    <property name="sun.management.compiler" value="HotSpot 64-Bit Tiered Compilers"/>
    <property name="java.runtime.version" value="11.0.9+7-LTS"/>
    <property name="user.name" value="LAPTOP-DGPDL646$"/>
    <property name="path.separator" value=";"/>
    <property name="os.version" value="10.0"/>
    <property name="java.runtime.name" value="Java(TM) SE Runtime Environment"/>
    <property name="file.encoding" value="Cp1252"/>
    <property name="java.vm.name" value="Java HotSpot(TM) 64-Bit Server VM"/>
    <property name="java.vendor.version" value="18.9"/>
    <property name="localRepository" value="C:\WINDOWS\system32\config\systemprofile\.m2\repository"/>
    <property name="java.vendor.url.bug" value="https://bugreport.java.com/bugreport/"/>
    <property name="java.io.tmpdir" value="C:\WINDOWS\TEMP\"/>
    <property name="java.version" value="11.0.9"/>
    <property name="user.dir" value="C:\Users\Arun\eclipse-workspace\MiniProject"/>
    <property name="os.arch" value="amd64"/>
    <property name="java.vm.specification.name" value="Java Virtual Machine Specification"/>
    <property name="java.awt.printerjob" value="sun.awt.windows.WPrinterJob"/>
    <property name="sun.os.patch.level" value=""/>
    <property name="java.library.path" value="C:\Program Files\Java\jdk-11.0.9\bin;C:\WINDOWS\Sun\Java\bin;C:\WINDOWS\system32;C:\WINDOWS;C:\apache-maven-3.6.3-bin\apache-maven-3.6.3/bin;C:\Program Files\Java\jdk-11.0.9/bin;C:\Program Files\Java\jdk-11.0.9/bin;C:\Program Files (x86)\Intel\Intel(R) Management Engine Components\iCLS\;C:\Program Files\Intel\Intel(R) Management Engine Components\iCLS\;C:\Windows\system32;C:\Windows;C:\Windows\System32\Wbem;C:\Windows\System32\WindowsPowerShell\v1.0\;C:\Windows\System32\OpenSSH\;C:\Program Files (x86)\NVIDIA Corporation\PhysX\Common;C:\Program Files (x86)\Intel\Intel(R) Management Engine Components\DAL;C:\Program Files\Intel\Intel(R) Management Engine Components\DAL;C:\Program Files (x86)\Intel\Intel(R) Management Engine Components\IPT;C:\Program Files\Intel\Intel(R) Management Engine Components\IPT;C:\Program Files\Java\jdk-11.0.9\bin;C:\WINDOWS\system32;C:\WINDOWS;C:\WINDOWS\System32\Wbem;C:\WINDOWS\System32\WindowsPowerShell\v1.0\;C:\WINDOWS\System32\OpenSSH\;C:\apache-maven-3.6.3-bin\apache-maven-3.6.3\bin;C:\WINDOWS\system32\config\systemprofile\AppData\Local\Microsoft\WindowsApps;."/>
    <property name="java.vendor" value="Oracle Corporation"/>
    <property name="java.vm.info" value="mixed mode"/>
    <property name="java.vm.version" value="11.0.9+7-LTS"/>
    <property name="sun.io.unicode.encoding" value="UnicodeLittle"/>
    <property name="java.class.version" value="55.0"/>
  </properties>
  <testcase name="loginTest" classname="com.inetBanking.testCases.TC_LoginTest_001" time="4.437">
    <system-err><![CDATA[SLF4J: Failed to load class "org.slf4j.impl.StaticLoggerBinder".
SLF4J: Defaulting to no-operation (NOP) logger implementation
SLF4J: See http://www.slf4j.org/codes.html#StaticLoggerBinder for further details.
ChromeDriver was started successfully.
Dec 02, 2020 12:01:12 PM org.openqa.selenium.remote.ProtocolHandshake createSession
INFO: Detected dialect: W3C
]]></system-err>
  </testcase>
</testsuite>